<?xml version="1.0" encoding="UTF-8" ?>
<testsuite tests="4" failures="0" name="edu.berkeley.cs186.database.query.TestOptimalQueryPlanJoins" time="4.138" errors="0" skipped="0">
  <properties>
[...]
</properties>
  <testcase classname="edu.berkeley.cs186.database.query.TestOptimalQueryPlanJoins" name="testSimpleJoinIterator" time="1.921"/>
  <testcase classname="edu.berkeley.cs186.database.query.TestOptimalQueryPlanJoins" name="testSelectJoinIterator" time="0.663"/>
  <testcase classname="edu.berkeley.cs186.database.query.TestOptimalQueryPlanJoins" name="testProjectSelectJoinIterator" time="0.602"/>
  <testcase classname="edu.berkeley.cs186.database.query.TestOptimalQueryPlanJoins" name="testProjectJoinIterator" time="0.947"/>
</testsuite>